<?xml version="1.0" encoding="UTF-8"?>
<!-- Generated by org.testng.reporters.JUnitReportReporter -->
<testsuite name="mainClasses.BaseClass" tests="1" time="0.006" ignored="0" failures="0" timestamp="11 Dec 2019 14:21:56 GMT" skipped="0" hostname="jnet50" errors="0">
  <testcase name="driverTransmission" time="0.006" classname="mainClasses.BaseClass"/>
</testsuite> <!-- mainClasses.BaseClass -->
