<?xml version="1.0" encoding="UTF-8"?>
<!-- Generated by org.testng.reporters.JUnitReportReporter -->
<testsuite name="Setup" tests="1" time="2.401" ignored="0" failures="0" timestamp="12 Dec 2019 08:39:55 GMT" skipped="0" hostname="jnet50" errors="0">
  <testcase name="StartExecution" time="2.401" classname="Setup"/>
</testsuite> <!-- Setup -->
