<?xml version="1.0" encoding="UTF-8"?>
<!-- Generated by org.testng.reporters.JUnitReportReporter -->
<testsuite name="com.jnet.executionpackage.Setup" tests="1" time="119.000" ignored="2" failures="0" timestamp="13 Jun 2021 15:04:02 GMT" skipped="0" hostname="JNET91" errors="0">
  <testcase name="systemTesting" time="119.000" classname="com.jnet.executionpackage.Setup"/>
  <testcase name="regressionTesting" classname="com.jnet.executionpackage.Setup">
    <skipped/>
  </testcase> <!-- regressionTesting -->
  <testcase name="smokeTesting" classname="com.jnet.executionpackage.Setup">
    <skipped/>
  </testcase> <!-- smokeTesting -->
</testsuite> <!-- com.jnet.executionpackage.Setup -->
